/home/users/dwatsonparris/miniconda3/envs/cis_env/lib/python3.6/site-packages/iris/__init__.py:237: IrisDeprecation: setting the 'Future' property 'netcdf_promote' is deprecated and will be removed in a future release. Please remove code that sets this property.
  warn_deprecated(msg.format(name))
/home/users/dwatsonparris/miniconda3/envs/cis_env/lib/python3.6/site-packages/iris/__init__.py:237: IrisDeprecation: setting the 'Future' property 'netcdf_promote' is deprecated and will be removed in a future release. Please remove code that sets this property.
  warn_deprecated(msg.format(name))
Processing hus...
Traceback (most recent call last):
  File "/home/users/dwatsonparris/miniconda3/envs/cis_env/lib/python3.6/site-packages/iris/_data_manager.py", line 216, in data
    result = as_concrete_data(self._lazy_array)
  File "/home/users/dwatsonparris/miniconda3/envs/cis_env/lib/python3.6/site-packages/iris/_lazy_data.py", line 156, in as_concrete_data
    data, = _co_realise_lazy_arrays([data])
  File "/home/users/dwatsonparris/miniconda3/envs/cis_env/lib/python3.6/site-packages/iris/_lazy_data.py", line 120, in _co_realise_lazy_arrays
    computed_arrays = da.compute(*arrays)
  File "/home/users/dwatsonparris/miniconda3/envs/cis_env/lib/python3.6/site-packages/dask/base.py", line 447, in compute
    return repack([f(r, *a) for r, (f, a) in zip(results, postcomputes)])
  File "/home/users/dwatsonparris/miniconda3/envs/cis_env/lib/python3.6/site-packages/dask/base.py", line 447, in <listcomp>
    return repack([f(r, *a) for r, (f, a) in zip(results, postcomputes)])
  File "/home/users/dwatsonparris/miniconda3/envs/cis_env/lib/python3.6/site-packages/dask/array/core.py", line 966, in finalize
    return concatenate3(results)
  File "/home/users/dwatsonparris/miniconda3/envs/cis_env/lib/python3.6/site-packages/dask/array/core.py", line 4289, in concatenate3
    return _concatenate2(arrays, axes=list(range(x.ndim)))
  File "/home/users/dwatsonparris/miniconda3/envs/cis_env/lib/python3.6/site-packages/dask/array/core.py", line 307, in _concatenate2
    arrays = [_concatenate2(a, axes=axes[1:]) for a in arrays]
  File "/home/users/dwatsonparris/miniconda3/envs/cis_env/lib/python3.6/site-packages/dask/array/core.py", line 307, in <listcomp>
    arrays = [_concatenate2(a, axes=axes[1:]) for a in arrays]
  File "/home/users/dwatsonparris/miniconda3/envs/cis_env/lib/python3.6/site-packages/dask/array/core.py", line 307, in _concatenate2
    arrays = [_concatenate2(a, axes=axes[1:]) for a in arrays]
  File "/home/users/dwatsonparris/miniconda3/envs/cis_env/lib/python3.6/site-packages/dask/array/core.py", line 307, in <listcomp>
    arrays = [_concatenate2(a, axes=axes[1:]) for a in arrays]
  File "/home/users/dwatsonparris/miniconda3/envs/cis_env/lib/python3.6/site-packages/dask/array/core.py", line 311, in _concatenate2
    return concatenate(arrays, axis=axes[0])
  File "/home/users/dwatsonparris/miniconda3/envs/cis_env/lib/python3.6/site-packages/dask/array/ma.py", line 29, in _concatenate
    out = np.ma.concatenate(arrays, axis=axis)
  File "/home/users/dwatsonparris/miniconda3/envs/cis_env/lib/python3.6/site-packages/numpy/ma/core.py", line 6776, in concatenate
    d = np.concatenate([getdata(a) for a in arrays], axis)
MemoryError

During handling of the above exception, another exception occurred:

Traceback (most recent call last):
  File "./cmorize_ham.py", line 930, in <module>
    main(v, args)
  File "./cmorize_ham.py", line 876, in main
    print("Global (un-weighted) mean: {}".format(c.data.mean()))
  File "/home/users/dwatsonparris/miniconda3/envs/cis_env/lib/python3.6/site-packages/iris/cube.py", line 1686, in data
    return self._data_manager.data
  File "/home/users/dwatsonparris/miniconda3/envs/cis_env/lib/python3.6/site-packages/iris/_data_manager.py", line 227, in data
    raise MemoryError(emsg.format(self.shape, self.dtype))
MemoryError: Failed to realise the lazy data as there was not enough memory available.
The data shape would have been (2920, 47, 96, 192) with dtype('float32').
 Consider freeing up variables or indexing the data before trying again.
